#
# There is insufficient memory for the Java Runtime Environment to continue.
# Native memory allocation (mmap) failed to map 65536 bytes for Failed to commit metaspace.
# Possible reasons:
#   The system is out of physical RAM or swap space
#   The process is running with CompressedOops enabled, and the Java Heap may be blocking the growth of the native heap
# Possible solutions:
#   Reduce memory load on the system
#   Increase physical memory or swap space
#   Check if swap backing store is full
#   Decrease Java heap size (-Xmx/-Xms)
#   Decrease number of Java threads
#   Decrease Java thread stack sizes (-Xss)
#   Set larger code cache with -XX:ReservedCodeCacheSize=
#   JVM is running with Unscaled Compressed Oops mode in which the Java heap is
#     placed in the first 4GB address space. The Java Heap base address is the
#     maximum limit for the native heap growth. Please use -XX:HeapBaseMinAddress
#     to set the Java Heap base and to place the Java Heap above 4GB virtual address.
# This output file may be truncated or incomplete.
#
#  Out of Memory Error (virtualSpaceNode.cpp:110), pid=7512, tid=18240
#
# JRE version: OpenJDK Runtime Environment JBR-17.0.3+7-469.37-jcef (17.0.3+7) (build 17.0.3+7-b469.37)
# Java VM: OpenJDK 64-Bit Server VM JBR-17.0.3+7-469.37-jcef (17.0.3+7-b469.37, mixed mode, tiered, compressed oops, compressed class ptrs, g1 gc, windows-amd64)
# No core dump will be written. Minidumps are not enabled by default on client versions of Windows
#

---------------  S U M M A R Y ------------

Command Line: git4idea.http.GitAskPassApp Password for 'https://Wowwhat1@github.com': 

Host: AMD Ryzen 5 5500U with Radeon Graphics         , 12 cores, 7G,  Windows 11 , 64 bit Build 22621 (10.0.22621.608)
Time: Mon Oct 24 23:55:13 2022 SE Asia Standard Time elapsed time: 0.264446 seconds (0d 0h 0m 0s)

---------------  T H R E A D  ---------------

Current thread (0x000002533d8e05a0):  JavaThread "main" [_thread_in_vm, id=18240, stack(0x000000afdaa00000,0x000000afdab00000)]

Stack: [0x000000afdaa00000,0x000000afdab00000]
Native frames: (J=compiled Java code, j=interpreted, Vv=VM code, C=native code)
V  [jvm.dll+0x681f8a]
V  [jvm.dll+0x83e374]
V  [jvm.dll+0x83fb1e]
V  [jvm.dll+0x840183]
V  [jvm.dll+0x2492a5]
V  [jvm.dll+0x83a3cb]
V  [jvm.dll+0x626586]
V  [jvm.dll+0x1c11ae]
V  [jvm.dll+0x628ec1]
V  [jvm.dll+0x626f26]
V  [jvm.dll+0x23d16f]
V  [jvm.dll+0x630d75]
V  [jvm.dll+0x1ed1db]
V  [jvm.dll+0x1ed715]
V  [jvm.dll+0x1ee034]
V  [jvm.dll+0x1e357c]
V  [jvm.dll+0x546dbd]
V  [jvm.dll+0x1f3e9b]
V  [jvm.dll+0x7b837b]
V  [jvm.dll+0x7b97c2]
V  [jvm.dll+0x7b9af8]
V  [jvm.dll+0x240f1e]
V  [jvm.dll+0x383c4e]
C  0x000002534104b6ce

Java frames: (J=compiled Java code, j=interpreted, Vv=VM code)
j  sun.util.cldr.CLDRLocaleProviderAdapter.<clinit>()V+0 java.base@17.0.3
v  ~StubRoutines::call_stub
j  java.lang.Class.forName0(Ljava/lang/String;ZLjava/lang/ClassLoader;Ljava/lang/Class;)Ljava/lang/Class;+0 java.base@17.0.3
j  java.lang.Class.forName(Ljava/lang/String;)Ljava/lang/Class;+11 java.base@17.0.3
j  sun.util.locale.provider.LocaleProviderAdapter.forType(Lsun/util/locale/provider/LocaleProviderAdapter$Type;)Lsun/util/locale/provider/LocaleProviderAdapter;+65 java.base@17.0.3
j  sun.util.locale.provider.LocaleProviderAdapter.findAdapter(Ljava/lang/Class;Ljava/util/Locale;)Lsun/util/locale/provider/LocaleProviderAdapter;+29 java.base@17.0.3
j  sun.util.locale.provider.LocaleProviderAdapter.getAdapter(Ljava/lang/Class;Ljava/util/Locale;)Lsun/util/locale/provider/LocaleProviderAdapter;+55 java.base@17.0.3
j  java.util.Calendar.createCalendar(Ljava/util/TimeZone;Ljava/util/Locale;)Ljava/util/Calendar;+3 java.base@17.0.3
j  java.util.Calendar.getInstance(Ljava/util/Locale;)Ljava/util/Calendar;+5 java.base@17.0.3
j  java.text.SimpleDateFormat.initializeCalendar(Ljava/util/Locale;)V+27 java.base@17.0.3
j  java.text.SimpleDateFormat.<init>(Ljava/lang/String;Ljava/util/Locale;)V+43 java.base@17.0.3
j  java.text.SimpleDateFormat.<init>(Ljava/lang/String;)V+8 java.base@17.0.3
j  org.apache.xmlrpc.util.DateTool.<init>()V+11
j  org.apache.xmlrpc.DefaultTypeFactory.<clinit>()V+4
v  ~StubRoutines::call_stub
j  org.apache.xmlrpc.XmlRpc.createTypeFactory(Ljava/lang/String;)Lorg/apache/xmlrpc/TypeFactory;+94
j  org.apache.xmlrpc.XmlRpc.<init>()V+107
j  org.apache.xmlrpc.XmlRpcClientResponseProcessor.<init>(Ljava/util/TimeZone;)V+1
j  org.apache.xmlrpc.XmlRpcClientWorker.<init>(Ljava/util/TimeZone;)V+14
j  org.apache.xmlrpc.XmlRpcClient.getWorker(Z)Lorg/apache/xmlrpc/XmlRpcClientWorker;+87
j  org.apache.xmlrpc.XmlRpcClient.execute(Lorg/apache/xmlrpc/XmlRpcClientRequest;Lorg/apache/xmlrpc/XmlRpcTransport;)Ljava/lang/Object;+2
j  org.apache.xmlrpc.XmlRpcClient.execute(Lorg/apache/xmlrpc/XmlRpcClientRequest;)Ljava/lang/Object;+6
j  org.apache.xmlrpc.XmlRpcClient.execute(Ljava/lang/String;Ljava/util/Vector;)Ljava/lang/Object;+63
j  externalApp.ExternalAppUtil.sendXmlRequest(Ljava/lang/String;I[Ljava/lang/Object;)Ljava/lang/Object;+44
j  git4idea.http.GitAskPassApp.main([Ljava/lang/String;)V+46
v  ~StubRoutines::call_stub

---------------  P R O C E S S  ---------------

Threads class SMR info:
_java_thread_list=0x000002535845d2e0, length=12, elements={
0x000002533d8e05a0, 0x0000025358413260, 0x00000253577fe850, 0x000002535843fc80,
0x0000025358440630, 0x00000253584357c0, 0x0000025358436080, 0x0000025358437490,
0x000002535843cf80, 0x0000025358452120, 0x00000253585b9aa0, 0x00000253585cf830
}

Java Threads: ( => current thread )
=>0x000002533d8e05a0 JavaThread "main" [_thread_in_vm, id=18240, stack(0x000000afdaa00000,0x000000afdab00000)]
  0x0000025358413260 JavaThread "Reference Handler" daemon [_thread_blocked, id=12936, stack(0x000000afdb100000,0x000000afdb200000)]
  0x00000253577fe850 JavaThread "Finalizer" daemon [_thread_blocked, id=19708, stack(0x000000afdb200000,0x000000afdb300000)]
  0x000002535843fc80 JavaThread "Signal Dispatcher" daemon [_thread_blocked, id=5132, stack(0x000000afdb300000,0x000000afdb400000)]
  0x0000025358440630 JavaThread "Attach Listener" daemon [_thread_blocked, id=14464, stack(0x000000afdb400000,0x000000afdb500000)]
  0x00000253584357c0 JavaThread "Service Thread" daemon [_thread_blocked, id=12184, stack(0x000000afdb500000,0x000000afdb600000)]
  0x0000025358436080 JavaThread "Monitor Deflation Thread" daemon [_thread_blocked, id=20912, stack(0x000000afdb600000,0x000000afdb700000)]
  0x0000025358437490 JavaThread "C2 CompilerThread0" daemon [_thread_blocked, id=8120, stack(0x000000afdb700000,0x000000afdb800000)]
  0x000002535843cf80 JavaThread "C1 CompilerThread0" daemon [_thread_blocked, id=22368, stack(0x000000afdb800000,0x000000afdb900000)]
  0x0000025358452120 JavaThread "Sweeper thread" daemon [_thread_blocked, id=14564, stack(0x000000afdb900000,0x000000afdba00000)]
  0x00000253585b9aa0 JavaThread "Notification Thread" daemon [_thread_blocked, id=3856, stack(0x000000afdba00000,0x000000afdbb00000)]
  0x00000253585cf830 JavaThread "Common-Cleaner" daemon [_thread_blocked, id=18932, stack(0x000000afdbc00000,0x000000afdbd00000)]

Other Threads:
  0x00000253577f6ba0 VMThread "VM Thread" [stack: 0x000000afdb000000,0x000000afdb100000] [id=13628]
  0x00000253585bbb90 WatcherThread [stack: 0x000000afdbb00000,0x000000afdbc00000] [id=1512]
  0x000002533d939600 GCTaskThread "GC Thread#0" [stack: 0x000000afdab00000,0x000000afdac00000] [id=25104]
  0x000002533d94a130 ConcurrentGCThread "G1 Main Marker" [stack: 0x000000afdac00000,0x000000afdad00000] [id=18856]
  0x000002533d94d0a0 ConcurrentGCThread "G1 Conc#0" [stack: 0x000000afdad00000,0x000000afdae00000] [id=24200]
  0x00000253576520c0 ConcurrentGCThread "G1 Refine#0" [stack: 0x000000afdae00000,0x000000afdaf00000] [id=7772]
  0x0000025357652880 ConcurrentGCThread "G1 Service" [stack: 0x000000afdaf00000,0x000000afdb000000] [id=21876]

Threads with active compile tasks:

VM state: not at safepoint (normal execution)

VM Mutex/Monitor currently owned by a thread:  ([mutex/lock_event])
[0x000002533d8cb100] Metaspace_lock - owner thread: 0x000002533d8e05a0

Heap address: 0x000000008a400000, size: 1884 MB, Compressed Oops mode: 32-bit

CDS archive(s) not mapped
Compressed class space mapped at: 0x0000000100000000-0x0000000140000000, reserved size: 1073741824
Narrow klass base: 0x0000000000000000, Narrow klass shift: 3, Narrow klass range: 0x140000000

GC Precious Log:
 CPUs: 12 total, 12 available
 Memory: 7528M
 Large Page Support: Disabled
 NUMA Support: Disabled
 Compressed Oops: Enabled (32-bit)
 Heap Region Size: 1M
 Heap Min Capacity: 8M
 Heap Initial Capacity: 118M
 Heap Max Capacity: 1884M
 Pre-touch: Disabled
 Parallel Workers: 10
 Concurrent Workers: 3
 Concurrent Refinement Workers: 10
 Periodic GC: Disabled

Heap:
 garbage-first heap   total 120832K, used 17408K [0x000000008a400000, 0x0000000100000000)
  region size 1024K, 3 young (3072K), 0 survivors (0K)
 Metaspace       used 6722K, committed 6848K, reserved 1056768K
  class space    used 587K, committed 704K, reserved 1048576K

Heap Regions: E=young(eden), S=young(survivor), O=old, HS=humongous(starts), HC=humongous(continues), CS=collection set, F=free, OA=open archive, CA=closed archive, TAMS=top-at-mark-start (previous, next)
|   0|0x000000008a400000, 0x000000008a500000, 0x000000008a500000|100%|HS|  |TAMS 0x000000008a400000, 0x000000008a400000| Complete 
|   1|0x000000008a500000, 0x000000008a600000, 0x000000008a600000|100%|HC|  |TAMS 0x000000008a500000, 0x000000008a500000| Complete 
|   2|0x000000008a600000, 0x000000008a700000, 0x000000008a700000|100%|HC|  |TAMS 0x000000008a600000, 0x000000008a600000| Complete 
|   3|0x000000008a700000, 0x000000008a800000, 0x000000008a800000|100%|HC|  |TAMS 0x000000008a700000, 0x000000008a700000| Complete 
|   4|0x000000008a800000, 0x000000008a900000, 0x000000008a900000|100%|HC|  |TAMS 0x000000008a800000, 0x000000008a800000| Complete 
|   5|0x000000008a900000, 0x000000008aa00000, 0x000000008aa00000|100%|HC|  |TAMS 0x000000008a900000, 0x000000008a900000| Complete 
|   6|0x000000008aa00000, 0x000000008ab00000, 0x000000008ab00000|100%|HC|  |TAMS 0x000000008aa00000, 0x000000008aa00000| Complete 
|   7|0x000000008ab00000, 0x000000008ac00000, 0x000000008ac00000|100%|HC|  |TAMS 0x000000008ab00000, 0x000000008ab00000| Complete 
|   8|0x000000008ac00000, 0x000000008ad00000, 0x000000008ad00000|100%|HC|  |TAMS 0x000000008ac00000, 0x000000008ac00000| Complete 
|   9|0x000000008ad00000, 0x000000008ae00000, 0x000000008ae00000|100%|HC|  |TAMS 0x000000008ad00000, 0x000000008ad00000| Complete 
|  10|0x000000008ae00000, 0x000000008af00000, 0x000000008af00000|100%|HC|  |TAMS 0x000000008ae00000, 0x000000008ae00000| Complete 
|  11|0x000000008af00000, 0x000000008b000000, 0x000000008b000000|100%|HS|  |TAMS 0x000000008af00000, 0x000000008af00000| Complete 
|  12|0x000000008b000000, 0x000000008b100000, 0x000000008b100000|100%|HC|  |TAMS 0x000000008b000000, 0x000000008b000000| Complete 
|  13|0x000000008b100000, 0x000000008b200000, 0x000000008b200000|100%|HS|  |TAMS 0x000000008b100000, 0x000000008b100000| Complete 
|  14|0x000000008b200000, 0x000000008b300000, 0x000000008b300000|100%|HC|  |TAMS 0x000000008b200000, 0x000000008b200000| Complete 
|  15|0x000000008b300000, 0x000000008b300000, 0x000000008b400000|  0%| F|  |TAMS 0x000000008b300000, 0x000000008b300000| Untracked 
|  16|0x000000008b400000, 0x000000008b400000, 0x000000008b500000|  0%| F|  |TAMS 0x000000008b400000, 0x000000008b400000| Untracked 
|  17|0x000000008b500000, 0x000000008b500000, 0x000000008b600000|  0%| F|  |TAMS 0x000000008b500000, 0x000000008b500000| Untracked 
|  18|0x000000008b600000, 0x000000008b600000, 0x000000008b700000|  0%| F|  |TAMS 0x000000008b600000, 0x000000008b600000| Untracked 
|  19|0x000000008b700000, 0x000000008b700000, 0x000000008b800000|  0%| F|  |TAMS 0x000000008b700000, 0x000000008b700000| Untracked 
|  20|0x000000008b800000, 0x000000008b800000, 0x000000008b900000|  0%| F|  |TAMS 0x000000008b800000, 0x000000008b800000| Untracked 
|  21|0x000000008b900000, 0x000000008b900000, 0x000000008ba00000|  0%| F|  |TAMS 0x000000008b900000, 0x000000008b900000| Untracked 
|  22|0x000000008ba00000, 0x000000008ba00000, 0x000000008bb00000|  0%| F|  |TAMS 0x000000008ba00000, 0x000000008ba00000| Untracked 
|  23|0x000000008bb00000, 0x000000008bb00000, 0x000000008bc00000|  0%| F|  |TAMS 0x000000008bb00000, 0x000000008bb00000| Untracked 
|  24|0x000000008bc00000, 0x000000008bc00000, 0x000000008bd00000|  0%| F|  |TAMS 0x000000008bc00000, 0x000000008bc00000| Untracked 
|  25|0x000000008bd00000, 0x000000008bd00000, 0x000000008be00000|  0%| F|  |TAMS 0x000000008bd00000, 0x000000008bd00000| Untracked 
|  26|0x000000008be00000, 0x000000008be00000, 0x000000008bf00000|  0%| F|  |TAMS 0x000000008be00000, 0x000000008be00000| Untracked 
|  27|0x000000008bf00000, 0x000000008bf00000, 0x000000008c000000|  0%| F|  |TAMS 0x000000008bf00000, 0x000000008bf00000| Untracked 
|  28|0x000000008c000000, 0x000000008c000000, 0x000000008c100000|  0%| F|  |TAMS 0x000000008c000000, 0x000000008c000000| Untracked 
|  29|0x000000008c100000, 0x000000008c100000, 0x000000008c200000|  0%| F|  |TAMS 0x000000008c100000, 0x000000008c100000| Untracked 
|  30|0x000000008c200000, 0x000000008c200000, 0x000000008c300000|  0%| F|  |TAMS 0x000000008c200000, 0x000000008c200000| Untracked 
|  31|0x000000008c300000, 0x000000008c300000, 0x000000008c400000|  0%| F|  |TAMS 0x000000008c300000, 0x000000008c300000| Untracked 
|  32|0x000000008c400000, 0x000000008c400000, 0x000000008c500000|  0%| F|  |TAMS 0x000000008c400000, 0x000000008c400000| Untracked 
|  33|0x000000008c500000, 0x000000008c500000, 0x000000008c600000|  0%| F|  |TAMS 0x000000008c500000, 0x000000008c500000| Untracked 
|  34|0x000000008c600000, 0x000000008c600000, 0x000000008c700000|  0%| F|  |TAMS 0x000000008c600000, 0x000000008c600000| Untracked 
|  35|0x000000008c700000, 0x000000008c700000, 0x000000008c800000|  0%| F|  |TAMS 0x000000008c700000, 0x000000008c700000| Untracked 
|  36|0x000000008c800000, 0x000000008c800000, 0x000000008c900000|  0%| F|  |TAMS 0x000000008c800000, 0x000000008c800000| Untracked 
|  37|0x000000008c900000, 0x000000008c900000, 0x000000008ca00000|  0%| F|  |TAMS 0x000000008c900000, 0x000000008c900000| Untracked 
|  38|0x000000008ca00000, 0x000000008ca00000, 0x000000008cb00000|  0%| F|  |TAMS 0x000000008ca00000, 0x000000008ca00000| Untracked 
|  39|0x000000008cb00000, 0x000000008cb00000, 0x000000008cc00000|  0%| F|  |TAMS 0x000000008cb00000, 0x000000008cb00000| Untracked 
|  40|0x000000008cc00000, 0x000000008cc00000, 0x000000008cd00000|  0%| F|  |TAMS 0x000000008cc00000, 0x000000008cc00000| Untracked 
|  41|0x000000008cd00000, 0x000000008cd00000, 0x000000008ce00000|  0%| F|  |TAMS 0x000000008cd00000, 0x000000008cd00000| Untracked 
|  42|0x000000008ce00000, 0x000000008ce00000, 0x000000008cf00000|  0%| F|  |TAMS 0x000000008ce00000, 0x000000008ce00000| Untracked 
|  43|0x000000008cf00000, 0x000000008cf00000, 0x000000008d000000|  0%| F|  |TAMS 0x000000008cf00000, 0x000000008cf00000| Untracked 
|  44|0x000000008d000000, 0x000000008d000000, 0x000000008d100000|  0%| F|  |TAMS 0x000000008d000000, 0x000000008d000000| Untracked 
|  45|0x000000008d100000, 0x000000008d100000, 0x000000008d200000|  0%| F|  |TAMS 0x000000008d100000, 0x000000008d100000| Untracked 
|  46|0x000000008d200000, 0x000000008d200000, 0x000000008d300000|  0%| F|  |TAMS 0x000000008d200000, 0x000000008d200000| Untracked 
|  47|0x000000008d300000, 0x000000008d300000, 0x000000008d400000|  0%| F|  |TAMS 0x000000008d300000, 0x000000008d300000| Untracked 
|  48|0x000000008d400000, 0x000000008d400000, 0x000000008d500000|  0%| F|  |TAMS 0x000000008d400000, 0x000000008d400000| Untracked 
|  49|0x000000008d500000, 0x000000008d500000, 0x000000008d600000|  0%| F|  |TAMS 0x000000008d500000, 0x000000008d500000| Untracked 
|  50|0x000000008d600000, 0x000000008d600000, 0x000000008d700000|  0%| F|  |TAMS 0x000000008d600000, 0x000000008d600000| Untracked 
|  51|0x000000008d700000, 0x000000008d700000, 0x000000008d800000|  0%| F|  |TAMS 0x000000008d700000, 0x000000008d700000| Untracked 
|  52|0x000000008d800000, 0x000000008d800000, 0x000000008d900000|  0%| F|  |TAMS 0x000000008d800000, 0x000000008d800000| Untracked 
|  53|0x000000008d900000, 0x000000008d900000, 0x000000008da00000|  0%| F|  |TAMS 0x000000008d900000, 0x000000008d900000| Untracked 
|  54|0x000000008da00000, 0x000000008da00000, 0x000000008db00000|  0%| F|  |TAMS 0x000000008da00000, 0x000000008da00000| Untracked 
|  55|0x000000008db00000, 0x000000008db00000, 0x000000008dc00000|  0%| F|  |TAMS 0x000000008db00000, 0x000000008db00000| Untracked 
|  56|0x000000008dc00000, 0x000000008dc00000, 0x000000008dd00000|  0%| F|  |TAMS 0x000000008dc00000, 0x000000008dc00000| Untracked 
|  57|0x000000008dd00000, 0x000000008dd00000, 0x000000008de00000|  0%| F|  |TAMS 0x000000008dd00000, 0x000000008dd00000| Untracked 
|  58|0x000000008de00000, 0x000000008de00000, 0x000000008df00000|  0%| F|  |TAMS 0x000000008de00000, 0x000000008de00000| Untracked 
|  59|0x000000008df00000, 0x000000008df00000, 0x000000008e000000|  0%| F|  |TAMS 0x000000008df00000, 0x000000008df00000| Untracked 
|  60|0x000000008e000000, 0x000000008e000000, 0x000000008e100000|  0%| F|  |TAMS 0x000000008e000000, 0x000000008e000000| Untracked 
|  61|0x000000008e100000, 0x000000008e100000, 0x000000008e200000|  0%| F|  |TAMS 0x000000008e100000, 0x000000008e100000| Untracked 
|  62|0x000000008e200000, 0x000000008e200000, 0x000000008e300000|  0%| F|  |TAMS 0x000000008e200000, 0x000000008e200000| Untracked 
|  63|0x000000008e300000, 0x000000008e300000, 0x000000008e400000|  0%| F|  |TAMS 0x000000008e300000, 0x000000008e300000| Untracked 
|  64|0x000000008e400000, 0x000000008e400000, 0x000000008e500000|  0%| F|  |TAMS 0x000000008e400000, 0x000000008e400000| Untracked 
|  65|0x000000008e500000, 0x000000008e500000, 0x000000008e600000|  0%| F|  |TAMS 0x000000008e500000, 0x000000008e500000| Untracked 
|  66|0x000000008e600000, 0x000000008e600000, 0x000000008e700000|  0%| F|  |TAMS 0x000000008e600000, 0x000000008e600000| Untracked 
|  67|0x000000008e700000, 0x000000008e700000, 0x000000008e800000|  0%| F|  |TAMS 0x000000008e700000, 0x000000008e700000| Untracked 
|  68|0x000000008e800000, 0x000000008e800000, 0x000000008e900000|  0%| F|  |TAMS 0x000000008e800000, 0x000000008e800000| Untracked 
|  69|0x000000008e900000, 0x000000008e900000, 0x000000008ea00000|  0%| F|  |TAMS 0x000000008e900000, 0x000000008e900000| Untracked 
|  70|0x000000008ea00000, 0x000000008ea00000, 0x000000008eb00000|  0%| F|  |TAMS 0x000000008ea00000, 0x000000008ea00000| Untracked 
|  71|0x000000008eb00000, 0x000000008eb00000, 0x000000008ec00000|  0%| F|  |TAMS 0x000000008eb00000, 0x000000008eb00000| Untracked 
|  72|0x000000008ec00000, 0x000000008ec00000, 0x000000008ed00000|  0%| F|  |TAMS 0x000000008ec00000, 0x000000008ec00000| Untracked 
|  73|0x000000008ed00000, 0x000000008ed00000, 0x000000008ee00000|  0%| F|  |TAMS 0x000000008ed00000, 0x000000008ed00000| Untracked 
|  74|0x000000008ee00000, 0x000000008ee00000, 0x000000008ef00000|  0%| F|  |TAMS 0x000000008ee00000, 0x000000008ee00000| Untracked 
|  75|0x000000008ef00000, 0x000000008ef00000, 0x000000008f000000|  0%| F|  |TAMS 0x000000008ef00000, 0x000000008ef00000| Untracked 
|  76|0x000000008f000000, 0x000000008f000000, 0x000000008f100000|  0%| F|  |TAMS 0x000000008f000000, 0x000000008f000000| Untracked 
|  77|0x000000008f100000, 0x000000008f100000, 0x000000008f200000|  0%| F|  |TAMS 0x000000008f100000, 0x000000008f100000| Untracked 
|  78|0x000000008f200000, 0x000000008f200000, 0x000000008f300000|  0%| F|  |TAMS 0x000000008f200000, 0x000000008f200000| Untracked 
|  79|0x000000008f300000, 0x000000008f300000, 0x000000008f400000|  0%| F|  |TAMS 0x000000008f300000, 0x000000008f300000| Untracked 
|  80|0x000000008f400000, 0x000000008f400000, 0x000000008f500000|  0%| F|  |TAMS 0x000000008f400000, 0x000000008f400000| Untracked 
|  81|0x000000008f500000, 0x000000008f500000, 0x000000008f600000|  0%| F|  |TAMS 0x000000008f500000, 0x000000008f500000| Untracked 
|  82|0x000000008f600000, 0x000000008f600000, 0x000000008f700000|  0%| F|  |TAMS 0x000000008f600000, 0x000000008f600000| Untracked 
|  83|0x000000008f700000, 0x000000008f700000, 0x000000008f800000|  0%| F|  |TAMS 0x000000008f700000, 0x000000008f700000| Untracked 
|  84|0x000000008f800000, 0x000000008f800000, 0x000000008f900000|  0%| F|  |TAMS 0x000000008f800000, 0x000000008f800000| Untracked 
|  85|0x000000008f900000, 0x000000008f900000, 0x000000008fa00000|  0%| F|  |TAMS 0x000000008f900000, 0x000000008f900000| Untracked 
|  86|0x000000008fa00000, 0x000000008fa00000, 0x000000008fb00000|  0%| F|  |TAMS 0x000000008fa00000, 0x000000008fa00000| Untracked 
|  87|0x000000008fb00000, 0x000000008fb00000, 0x000000008fc00000|  0%| F|  |TAMS 0x000000008fb00000, 0x000000008fb00000| Untracked 
|  88|0x000000008fc00000, 0x000000008fc00000, 0x000000008fd00000|  0%| F|  |TAMS 0x000000008fc00000, 0x000000008fc00000| Untracked 
|  89|0x000000008fd00000, 0x000000008fd00000, 0x000000008fe00000|  0%| F|  |TAMS 0x000000008fd00000, 0x000000008fd00000| Untracked 
|  90|0x000000008fe00000, 0x000000008fe00000, 0x000000008ff00000|  0%| F|  |TAMS 0x000000008fe00000, 0x000000008fe00000| Untracked 
|  91|0x000000008ff00000, 0x000000008ff00000, 0x0000000090000000|  0%| F|  |TAMS 0x000000008ff00000, 0x000000008ff00000| Untracked 
|  92|0x0000000090000000, 0x0000000090000000, 0x0000000090100000|  0%| F|  |TAMS 0x0000000090000000, 0x0000000090000000| Untracked 
|  93|0x0000000090100000, 0x0000000090100000, 0x0000000090200000|  0%| F|  |TAMS 0x0000000090100000, 0x0000000090100000| Untracked 
|  94|0x0000000090200000, 0x0000000090200000, 0x0000000090300000|  0%| F|  |TAMS 0x0000000090200000, 0x0000000090200000| Untracked 
|  95|0x0000000090300000, 0x0000000090300000, 0x0000000090400000|  0%| F|  |TAMS 0x0000000090300000, 0x0000000090300000| Untracked 
|  96|0x0000000090400000, 0x0000000090400000, 0x0000000090500000|  0%| F|  |TAMS 0x0000000090400000, 0x0000000090400000| Untracked 
|  97|0x0000000090500000, 0x0000000090500000, 0x0000000090600000|  0%| F|  |TAMS 0x0000000090500000, 0x0000000090500000| Untracked 
|  98|0x0000000090600000, 0x0000000090600000, 0x0000000090700000|  0%| F|  |TAMS 0x0000000090600000, 0x0000000090600000| Untracked 
|  99|0x0000000090700000, 0x0000000090700000, 0x0000000090800000|  0%| F|  |TAMS 0x0000000090700000, 0x0000000090700000| Untracked 
| 100|0x0000000090800000, 0x0000000090800000, 0x0000000090900000|  0%| F|  |TAMS 0x0000000090800000, 0x0000000090800000| Untracked 
| 101|0x0000000090900000, 0x0000000090900000, 0x0000000090a00000|  0%| F|  |TAMS 0x0000000090900000, 0x0000000090900000| Untracked 
| 102|0x0000000090a00000, 0x0000000090a00000, 0x0000000090b00000|  0%| F|  |TAMS 0x0000000090a00000, 0x0000000090a00000| Untracked 
| 103|0x0000000090b00000, 0x0000000090b00000, 0x0000000090c00000|  0%| F|  |TAMS 0x0000000090b00000, 0x0000000090b00000| Untracked 
| 104|0x0000000090c00000, 0x0000000090c00000, 0x0000000090d00000|  0%| F|  |TAMS 0x0000000090c00000, 0x0000000090c00000| Untracked 
| 105|0x0000000090d00000, 0x0000000090d00000, 0x0000000090e00000|  0%| F|  |TAMS 0x0000000090d00000, 0x0000000090d00000| Untracked 
| 106|0x0000000090e00000, 0x0000000090e00000, 0x0000000090f00000|  0%| F|  |TAMS 0x0000000090e00000, 0x0000000090e00000| Untracked 
| 107|0x0000000090f00000, 0x0000000090f00000, 0x0000000091000000|  0%| F|  |TAMS 0x0000000090f00000, 0x0000000090f00000| Untracked 
| 108|0x0000000091000000, 0x0000000091000000, 0x0000000091100000|  0%| F|  |TAMS 0x0000000091000000, 0x0000000091000000| Untracked 
| 109|0x0000000091100000, 0x0000000091100000, 0x0000000091200000|  0%| F|  |TAMS 0x0000000091100000, 0x0000000091100000| Untracked 
| 110|0x0000000091200000, 0x0000000091200000, 0x0000000091300000|  0%| F|  |TAMS 0x0000000091200000, 0x0000000091200000| Untracked 
| 111|0x0000000091300000, 0x0000000091300000, 0x0000000091400000|  0%| F|  |TAMS 0x0000000091300000, 0x0000000091300000| Untracked 
| 112|0x0000000091400000, 0x0000000091400000, 0x0000000091500000|  0%| F|  |TAMS 0x0000000091400000, 0x0000000091400000| Untracked 
| 113|0x0000000091500000, 0x0000000091500000, 0x0000000091600000|  0%| F|  |TAMS 0x0000000091500000, 0x0000000091500000| Untracked 
| 114|0x0000000091600000, 0x0000000091600000, 0x0000000091700000|  0%| F|  |TAMS 0x0000000091600000, 0x0000000091600000| Untracked 
| 115|0x0000000091700000, 0x0000000091776470, 0x0000000091800000| 46%| E|  |TAMS 0x0000000091700000, 0x0000000091700000| Complete 
| 116|0x0000000091800000, 0x0000000091900000, 0x0000000091900000|100%| E|CS|TAMS 0x0000000091800000, 0x0000000091800000| Complete 
| 117|0x0000000091900000, 0x0000000091a00000, 0x0000000091a00000|100%| E|CS|TAMS 0x0000000091900000, 0x0000000091900000| Complete 

Card table byte_map: [0x0000025350930000,0x0000025350ce0000] _byte_map_base: 0x00000253504de000

Marking Bits (Prev, Next): (CMBitMap*) 0x000002533d93ab20, (CMBitMap*) 0x000002533d93ab60
 Prev Bits: [0x0000025351090000, 0x0000025352e00000)
 Next Bits: [0x0000025352e00000, 0x0000025354b70000)

Polling page: 0x000002533d0a0000

Metaspace:

Usage:
  Non-class:      5.99 MB used.
      Class:    587.73 KB used.
       Both:      6.56 MB used.

Virtual space:
  Non-class space:        8.00 MB reserved,       6.00 MB ( 75%) committed,  1 nodes.
      Class space:        1.00 GB reserved,     704.00 KB ( <1%) committed,  1 nodes.
             Both:        1.01 GB reserved,       6.69 MB ( <1%) committed. 

Chunk freelists:
   Non-Class:  1.00 MB
       Class:  3.23 MB
        Both:  4.23 MB

MaxMetaspaceSize: unlimited
CompressedClassSpaceSize: 1.00 GB
Initial GC threshold: 21.00 MB
Current GC threshold: 21.00 MB
CDS: off
MetaspaceReclaimPolicy: balanced
 - commit_granule_bytes: 65536.
 - commit_granule_words: 8192.
 - virtual_space_node_default_size: 1048576.
 - enlarge_chunks_in_place: 1.
 - new_chunks_are_fully_committed: 0.
 - uncommit_free_chunks: 1.
 - use_allocation_guard: 0.
 - handle_deallocations: 1.


Internal statistics:

num_allocs_failed_limit: 0.
num_arena_births: 6.
num_arena_deaths: 0.
num_vsnodes_births: 2.
num_vsnodes_deaths: 0.
num_space_committed: 107.
num_space_uncommitted: 0.
num_chunks_returned_to_freelist: 0.
num_chunks_taken_from_freelist: 29.
num_chunk_merges: 0.
num_chunk_splits: 13.
num_chunks_enlarged: 5.
num_purges: 0.
num_inconsistent_stats: 0.

CodeHeap 'non-profiled nmethods': size=120000Kb used=57Kb max_used=57Kb free=119942Kb
 bounds [0x0000025348b00000, 0x0000025348d70000, 0x0000025350030000]
CodeHeap 'profiled nmethods': size=120000Kb used=286Kb max_used=286Kb free=119713Kb
 bounds [0x00000253415d0000, 0x0000025341840000, 0x0000025348b00000]
CodeHeap 'non-nmethods': size=5760Kb used=1099Kb max_used=1118Kb free=4660Kb
 bounds [0x0000025341030000, 0x00000253412a0000, 0x00000253415d0000]
 total_blobs=562 nmethods=189 adapters=286
 compilation: enabled
              stopped_count=0, restarted_count=0
 full_count=0

Compilation events (20 events):
Event: 0.255 Thread 0x000002535843cf80  189       3       java.util.HashMap::put (13 bytes)
Event: 0.255 Thread 0x000002535843cf80 nmethod 189 0x0000025341613e90 code [0x0000025341614040, 0x0000025341614338]
Event: 0.255 Thread 0x000002535843cf80  188       3       java.io.DataInputStream::readShort (40 bytes)
Event: 0.255 Thread 0x000002535843cf80 nmethod 188 0x0000025341614490 code [0x0000025341614660, 0x00000253416149c8]
Event: 0.255 Thread 0x000002535843cf80  182       3       java.io.BufferedInputStream::read1 (108 bytes)
Event: 0.256 Thread 0x000002535843cf80 nmethod 182 0x0000025341614b10 code [0x0000025341614d60, 0x0000025341615678]
Event: 0.256 Thread 0x000002535843cf80  178       3       java.lang.String::<init> (74 bytes)
Event: 0.257 Thread 0x000002535843cf80 nmethod 178 0x0000025341615990 code [0x0000025341615b60, 0x0000025341615f78]
Event: 0.257 Thread 0x000002535843cf80  179       3       java.lang.StringUTF16::compress (20 bytes)
Event: 0.257 Thread 0x000002535843cf80 nmethod 179 0x0000025341616090 code [0x0000025341616240, 0x0000025341616488]
Event: 0.257 Thread 0x000002535843cf80  180       3       java.lang.String::<init> (14 bytes)
Event: 0.257 Thread 0x000002535843cf80 nmethod 180 0x0000025341616590 code [0x0000025341616740, 0x0000025341616958]
Event: 0.257 Thread 0x000002535843cf80  181       3       java.lang.String::rangeCheck (9 bytes)
Event: 0.257 Thread 0x000002535843cf80 nmethod 181 0x0000025341616a90 code [0x0000025341616c40, 0x0000025341616d68]
Event: 0.257 Thread 0x000002535843cf80  183       3       java.io.DataInputStream::readUTF (5 bytes)
Event: 0.257 Thread 0x000002535843cf80 nmethod 183 0x0000025341616e10 code [0x0000025341616fa0, 0x00000253416170c8]
Event: 0.257 Thread 0x000002535843cf80  185       3       java.util.Objects::checkFromIndexSize (8 bytes)
Event: 0.257 Thread 0x000002535843cf80 nmethod 185 0x0000025341617190 code [0x0000025341617340, 0x0000025341617568]
Event: 0.257 Thread 0x000002535843cf80  186       3       jdk.internal.util.Preconditions::checkFromIndexSize (25 bytes)
Event: 0.258 Thread 0x000002535843cf80 nmethod 186 0x0000025341617690 code [0x0000025341617840, 0x0000025341617a08]

GC Heap History (0 events):
No events

Deoptimization events (20 events):
Event: 0.156 Thread 0x000002533d8e05a0 DEOPT PACKING pc=0x00000253415e8d8c sp=0x000000afdaafa080
Event: 0.156 Thread 0x000002533d8e05a0 DEOPT UNPACKING pc=0x0000025341082b43 sp=0x000000afdaaf9510 mode 0
Event: 0.157 Thread 0x000002533d8e05a0 DEOPT PACKING pc=0x00000253415e8d8c sp=0x000000afdaafa080
Event: 0.157 Thread 0x000002533d8e05a0 DEOPT UNPACKING pc=0x0000025341082b43 sp=0x000000afdaaf9510 mode 0
Event: 0.157 Thread 0x000002533d8e05a0 DEOPT PACKING pc=0x00000253415e8d8c sp=0x000000afdaafa080
Event: 0.157 Thread 0x000002533d8e05a0 DEOPT UNPACKING pc=0x0000025341082b43 sp=0x000000afdaaf9510 mode 0
Event: 0.157 Thread 0x000002533d8e05a0 DEOPT PACKING pc=0x00000253415e8d8c sp=0x000000afdaafa080
Event: 0.157 Thread 0x000002533d8e05a0 DEOPT UNPACKING pc=0x0000025341082b43 sp=0x000000afdaaf9510 mode 0
Event: 0.157 Thread 0x000002533d8e05a0 DEOPT PACKING pc=0x00000253415e8d8c sp=0x000000afdaafa080
Event: 0.157 Thread 0x000002533d8e05a0 DEOPT UNPACKING pc=0x0000025341082b43 sp=0x000000afdaaf9510 mode 0
Event: 0.157 Thread 0x000002533d8e05a0 DEOPT PACKING pc=0x00000253415e8d8c sp=0x000000afdaafa080
Event: 0.157 Thread 0x000002533d8e05a0 DEOPT UNPACKING pc=0x0000025341082b43 sp=0x000000afdaaf9510 mode 0
Event: 0.157 Thread 0x000002533d8e05a0 DEOPT PACKING pc=0x00000253415e8d8c sp=0x000000afdaafa080
Event: 0.157 Thread 0x000002533d8e05a0 DEOPT UNPACKING pc=0x0000025341082b43 sp=0x000000afdaaf9510 mode 0
Event: 0.157 Thread 0x000002533d8e05a0 DEOPT PACKING pc=0x00000253415e8d8c sp=0x000000afdaafa080
Event: 0.157 Thread 0x000002533d8e05a0 DEOPT UNPACKING pc=0x0000025341082b43 sp=0x000000afdaaf9510 mode 0
Event: 0.157 Thread 0x000002533d8e05a0 DEOPT PACKING pc=0x00000253415e8d8c sp=0x000000afdaafa080
Event: 0.157 Thread 0x000002533d8e05a0 DEOPT UNPACKING pc=0x0000025341082b43 sp=0x000000afdaaf9510 mode 0
Event: 0.157 Thread 0x000002533d8e05a0 DEOPT PACKING pc=0x00000253415e8d8c sp=0x000000afdaafa080
Event: 0.157 Thread 0x000002533d8e05a0 DEOPT UNPACKING pc=0x0000025341082b43 sp=0x000000afdaaf9510 mode 0

Classes unloaded (0 events):
No events

Classes redefined (0 events):
No events

Internal exceptions (0 events):
No events

VM Operations (6 events):
Event: 0.180 Executing VM operation: HandshakeAllThreads
Event: 0.180 Executing VM operation: HandshakeAllThreads done
Event: 0.180 Executing VM operation: HandshakeAllThreads
Event: 0.180 Executing VM operation: HandshakeAllThreads done
Event: 0.238 Executing VM operation: HandshakeAllThreads
Event: 0.238 Executing VM operation: HandshakeAllThreads done

Events (20 events):
Event: 0.257 loading class sun/util/locale/provider/LocaleProviderAdapter done
Event: 0.257 loading class sun/util/locale/provider/LocaleProviderAdapter$Type
Event: 0.257 loading class sun/util/locale/provider/LocaleProviderAdapter$Type done
Event: 0.257 loading class java/util/Collections$UnmodifiableList
Event: 0.257 loading class java/util/Collections$UnmodifiableList done
Event: 0.257 loading class java/util/Collections$UnmodifiableRandomAccessList
Event: 0.257 loading class java/util/Collections$UnmodifiableRandomAccessList done
Event: 0.257 loading class java/util/Collections$UnmodifiableCollection$1
Event: 0.257 loading class java/util/Collections$UnmodifiableCollection$1 done
Event: 0.258 loading class sun/util/locale/provider/LocaleProviderAdapter$1
Event: 0.258 loading class sun/util/locale/provider/LocaleProviderAdapter$1 done
Event: 0.258 loading class sun/util/cldr/CLDRLocaleProviderAdapter
Event: 0.258 loading class sun/util/locale/provider/JRELocaleProviderAdapter
Event: 0.258 loading class sun/util/locale/provider/ResourceBundleBasedAdapter
Event: 0.258 loading class sun/util/locale/provider/ResourceBundleBasedAdapter done
Event: 0.258 loading class sun/util/locale/provider/JRELocaleProviderAdapter done
Event: 0.258 loading class sun/util/cldr/CLDRLocaleProviderAdapter done
Event: 0.259 loading class sun/util/cldr/CLDRBaseLocaleDataMetaInfo
Event: 0.259 loading class sun/util/locale/provider/LocaleDataMetaInfo
Event: 0.259 loading class sun/util/locale/provider/LocaleDataMetaInfo done


Dynamic libraries:
0x00007ff75d190000 - 0x00007ff75d19a000 	D:\Jetbrain\PhpStorm 2022.2.1\jbr\bin\java.exe
0x00007ff8ee270000 - 0x00007ff8ee484000 	C:\WINDOWS\SYSTEM32\ntdll.dll
0x00007ff8ed1d0000 - 0x00007ff8ed292000 	C:\WINDOWS\System32\KERNEL32.DLL
0x00007ff8ebcd0000 - 0x00007ff8ec06c000 	C:\WINDOWS\System32\KERNELBASE.dll
0x00007ff8eba90000 - 0x00007ff8ebba1000 	C:\WINDOWS\System32\ucrtbase.dll
0x00007ff8e9300000 - 0x00007ff8e931b000 	D:\Jetbrain\PhpStorm 2022.2.1\jbr\bin\VCRUNTIME140.dll
0x00007ff8e9210000 - 0x00007ff8e9227000 	D:\Jetbrain\PhpStorm 2022.2.1\jbr\bin\jli.dll
0x00007ff8ec9c0000 - 0x00007ff8ecb6a000 	C:\WINDOWS\System32\USER32.dll
0x00007ff8eb740000 - 0x00007ff8eb766000 	C:\WINDOWS\System32\win32u.dll
0x00007ff8c9c70000 - 0x00007ff8c9efe000 	C:\WINDOWS\WinSxS\amd64_microsoft.windows.common-controls_6595b64144ccf1df_6.0.22621.608_none_a9444ca7c10bb01d\COMCTL32.dll
0x00007ff8edfa0000 - 0x00007ff8edfc9000 	C:\WINDOWS\System32\GDI32.dll
0x00007ff8ec2d0000 - 0x00007ff8ec377000 	C:\WINDOWS\System32\msvcrt.dll
0x00007ff8ebbb0000 - 0x00007ff8ebcc2000 	C:\WINDOWS\System32\gdi32full.dll
0x00007ff8eb6a0000 - 0x00007ff8eb73a000 	C:\WINDOWS\System32\msvcp_win.dll
0x00007ff8ec6c0000 - 0x00007ff8ec6f1000 	C:\WINDOWS\System32\IMM32.DLL
0x00007ff8e34f0000 - 0x00007ff8e34fc000 	D:\Jetbrain\PhpStorm 2022.2.1\jbr\bin\vcruntime140_1.dll
0x00007ff89e970000 - 0x00007ff89e9fd000 	D:\Jetbrain\PhpStorm 2022.2.1\jbr\bin\msvcp140.dll
0x00007ff860050000 - 0x00007ff860cb8000 	D:\Jetbrain\PhpStorm 2022.2.1\jbr\bin\server\jvm.dll
0x00007ff8ec700000 - 0x00007ff8ec7ae000 	C:\WINDOWS\System32\ADVAPI32.dll
0x00007ff8ee050000 - 0x00007ff8ee0f4000 	C:\WINDOWS\System32\sechost.dll
0x00007ff8ec7c0000 - 0x00007ff8ec8d5000 	C:\WINDOWS\System32\RPCRT4.dll
0x00007ff8ed000000 - 0x00007ff8ed008000 	C:\WINDOWS\System32\PSAPI.DLL
0x00007ff8d60c0000 - 0x00007ff8d60c9000 	C:\WINDOWS\SYSTEM32\WSOCK32.dll
0x00007ff8e91b0000 - 0x00007ff8e91e4000 	C:\WINDOWS\SYSTEM32\WINMM.dll
0x00007ff8e32a0000 - 0x00007ff8e32aa000 	C:\WINDOWS\SYSTEM32\VERSION.dll
0x00007ff8ec8e0000 - 0x00007ff8ec951000 	C:\WINDOWS\System32\WS2_32.dll
0x00007ff8ea720000 - 0x00007ff8ea738000 	C:\WINDOWS\SYSTEM32\kernel.appcore.dll
0x00007ff8dbcf0000 - 0x00007ff8dbcfa000 	D:\Jetbrain\PhpStorm 2022.2.1\jbr\bin\jimage.dll
0x00007ff8e8f50000 - 0x00007ff8e917e000 	C:\WINDOWS\SYSTEM32\DBGHELP.DLL
0x00007ff8ed2a0000 - 0x00007ff8ed629000 	C:\WINDOWS\System32\combase.dll
0x00007ff8ee150000 - 0x00007ff8ee227000 	C:\WINDOWS\System32\OLEAUT32.dll
0x00007ff8e8f10000 - 0x00007ff8e8f42000 	C:\WINDOWS\SYSTEM32\dbgcore.DLL
0x00007ff8eba10000 - 0x00007ff8eba8b000 	C:\WINDOWS\System32\bcryptPrimitives.dll
0x00007ff8d65d0000 - 0x00007ff8d65f5000 	D:\Jetbrain\PhpStorm 2022.2.1\jbr\bin\java.dll
0x00007ff8d6470000 - 0x00007ff8d6488000 	D:\Jetbrain\PhpStorm 2022.2.1\jbr\bin\zip.dll
0x00007ff8ed730000 - 0x00007ff8edf0e000 	C:\WINDOWS\System32\SHELL32.dll
0x00007ff8e9700000 - 0x00007ff8e9fb7000 	C:\WINDOWS\SYSTEM32\windows.storage.dll
0x00007ff8e95c0000 - 0x00007ff8e96fd000 	C:\WINDOWS\SYSTEM32\wintypes.dll
0x00007ff8ed630000 - 0x00007ff8ed721000 	C:\WINDOWS\System32\SHCORE.dll
0x00007ff8ec960000 - 0x00007ff8ec9be000 	C:\WINDOWS\System32\shlwapi.dll
0x00007ff8eb5d0000 - 0x00007ff8eb5f1000 	C:\WINDOWS\SYSTEM32\profapi.dll
0x00007ff8d6410000 - 0x00007ff8d6429000 	D:\Jetbrain\PhpStorm 2022.2.1\jbr\bin\net.dll
0x00007ff8e5100000 - 0x00007ff8e522f000 	C:\WINDOWS\SYSTEM32\WINHTTP.dll
0x00007ff8eab80000 - 0x00007ff8eabe9000 	C:\WINDOWS\system32\mswsock.dll
0x00007ff8c18d0000 - 0x00007ff8c18e6000 	D:\Jetbrain\PhpStorm 2022.2.1\jbr\bin\nio.dll
0x00007ff8dabf0000 - 0x00007ff8dac00000 	D:\Jetbrain\PhpStorm 2022.2.1\jbr\bin\verify.dll

dbghelp: loaded successfully - version: 4.0.5 - missing functions: none
symbol engine: initialized successfully - sym options: 0x614 - pdb path: .;D:\Jetbrain\PhpStorm 2022.2.1\jbr\bin;C:\WINDOWS\SYSTEM32;C:\WINDOWS\WinSxS\amd64_microsoft.windows.common-controls_6595b64144ccf1df_6.0.22621.608_none_a9444ca7c10bb01d;D:\Jetbrain\PhpStorm 2022.2.1\jbr\bin\server

VM Arguments:
java_command: git4idea.http.GitAskPassApp Password for 'https://Wowwhat1@github.com': 
java_class_path (initial): D:/Jetbrain/PhpStorm 2022.2.1/plugins/git4idea/lib/git4idea-rt.jar;D:/Jetbrain/PhpStorm 2022.2.1/lib/externalProcess-rt.jar;D:/Jetbrain/PhpStorm 2022.2.1/lib/app.jar;D:/Jetbrain/PhpStorm 2022.2.1/lib/3rd-party-rt.jar
Launcher Type: SUN_STANDARD

[Global flags]
     intx CICompilerCount                          = 4                                         {product} {ergonomic}
     uint ConcGCThreads                            = 3                                         {product} {ergonomic}
     uint G1ConcRefinementThreads                  = 10                                        {product} {ergonomic}
   size_t G1HeapRegionSize                         = 1048576                                   {product} {ergonomic}
    uintx GCDrainStackTargetSize                   = 64                                        {product} {ergonomic}
   size_t InitialHeapSize                          = 123731968                                 {product} {ergonomic}
   size_t MarkStackSize                            = 4194304                                   {product} {ergonomic}
   size_t MaxHeapSize                              = 1975517184                                {product} {ergonomic}
   size_t MaxNewSize                               = 1184890880                                {product} {ergonomic}
   size_t MinHeapDeltaBytes                        = 1048576                                   {product} {ergonomic}
   size_t MinHeapSize                              = 8388608                                   {product} {ergonomic}
    uintx NonNMethodCodeHeapSize                   = 5839372                                {pd product} {ergonomic}
    uintx NonProfiledCodeHeapSize                  = 122909434                              {pd product} {ergonomic}
    uintx ProfiledCodeHeapSize                     = 122909434                              {pd product} {ergonomic}
    uintx ReservedCodeCacheSize                    = 251658240                              {pd product} {ergonomic}
     bool SegmentedCodeCache                       = true                                      {product} {ergonomic}
   size_t SoftMaxHeapSize                          = 1975517184                             {manageable} {ergonomic}
     bool UseCompressedClassPointers               = true                           {product lp64_product} {ergonomic}
     bool UseCompressedOops                        = true                           {product lp64_product} {ergonomic}
     bool UseG1GC                                  = true                                      {product} {ergonomic}
     bool UseLargePagesIndividualAllocation        = false                                  {pd product} {ergonomic}

Logging:
Log output configuration:
 #0: stdout all=warning uptime,level,tags
 #1: stderr all=off uptime,level,tags

Environment Variables:
PATH=C:/Program Files/Git/mingw64/libexec/git-core;C:/Program Files/Git/mingw64/libexec/git-core;C:\Program Files\Git\mingw64\bin;C:\Program Files\Git\usr\bin;C:\Users\Huynh Cong Chien\bin;C:\Program Files\Common Files\Oracle\Java\javapath;C:\Program Files (x86)\Common Files\Oracle\Java\javapath;C:\WINDOWS\system32;C:\WINDOWS;C:\WINDOWS\System32\Wbem;C:\WINDOWS\System32\WindowsPowerShell\v1.0\;C:\WINDOWS\System32\OpenSSH\;C:\Program Files\Microsoft SQL Server\130\Tools\Binn\;C:\Program Files\nodejs\;C:\Program Files\Microsoft SQL Server\150\Tools\Binn\;C:\Program Files\Microsoft SQL Server\Client SDK\ODBC\170\Tools\Binn\;C:\Program Files\dotnet\;C:\Program Files (x86)\Microsoft SQL Server\150\Tools\Binn\;C:\Program Files\Microsoft SQL Server\150\DTS\Binn\;C:\Program Files (x86)\Microsoft SQL Server\150\DTS\Binn\;C:\Program Files\Azure Data Studio\bin;C:\xampp\php;C:\ProgramData\ComposerSetup\bin;C:\Program Files\PowerShell\7\;C:\Program Files (x86)\dotnet\;C:\WINDOWS\system32;C:\WINDOWS;C:\WINDOWS\System32\Wbem;C:\WINDOWS\System32\WindowsPowerShell\v1.0\;C:\WINDOWS\System32\OpenSSH\;C:\Program Files\Git\cmd;C:\Users\Huynh Cong Chien\scoop\apps\gcc\current\bin;C:\Users\Huynh Cong Chien\scoop\shims;C:\Users\Huynh Cong Chien\AppData\Local\Microsoft\WindowsApps;C:\Users\Huynh Cong Chien\AppData\Local\Programs\Microsoft VS Code\bin;C:\Users\Huynh Cong Chien\AppData\Local\GitHubDesktop\bin;C:\Users\Huynh Cong Chien\AppData\Roaming\npm;C:\Users\Huynh Cong Chien\.dotnet\tools;C:\Program Files\Azure Data Studio\bin;C:\xampp\php;C:\Users\Huynh Cong Chien\AppData\Roaming\Composer\vendor\bin;C:\Users\Huynh Cong Chien\AppData\Local\Programs\oh-my-posh\bin;C:\Users\Huynh Cong Chien\AppData\Local\Microsoft\WindowsApps
USERNAME=Huynh Cong Chien
DISPLAY=:0.0
LC_ALL=en_US.UTF-8
OS=Windows_NT
PROCESSOR_IDENTIFIER=AMD64 Family 23 Model 104 Stepping 1, AuthenticAMD



---------------  S Y S T E M  ---------------

OS:
 Windows 11 , 64 bit Build 22621 (10.0.22621.608)
OS uptime: 4 days 20:08 hours

CPU: total 12 (initial active 12) (12 cores per cpu, 2 threads per core) family 23 model 104 stepping 1 microcode 0x0, cx8, cmov, fxsr, ht, mmx, 3dnowpref, sse, sse2, sse3, ssse3, sse4a, sse4.1, sse4.2, popcnt, lzcnt, tsc, tscinvbit, avx, avx2, aes, clmul, bmi1, bmi2, adx, sha, fma, vzeroupper, clflush, clflushopt

Memory: 4k page, system-wide physical 7528M (385M free)
TotalPageFile size 20328M (AvailPageFile size 0M)
current process WorkingSet (physical memory assigned to process): 51M, peak: 51M
current process commit charge ("private bytes"): 202M, peak: 202M

vm_info: OpenJDK 64-Bit Server VM (17.0.3+7-b469.37) for windows-amd64 JRE (17.0.3+7-b469.37), built on 2022-08-01 by "builduser" with MS VC++ 16.10 / 16.11 (VS2019)

END.
